<?xml version="1.0" encoding="UTF-8"?>
<coverage generated="1507206054804" clover="3.2.0">
  <project timestamp="1507206054804" name="All files">
    <metrics statements="30" coveredstatements="29" conditionals="13" coveredconditionals="12" methods="13" coveredmethods="10" elements="56" coveredelements="51" complexity="0" loc="30" ncloc="30" packages="4" files="5" classes="5">
      <package name="e2e">
        <metrics statements="4" coveredstatements="4" conditionals="7" coveredconditionals="6" methods="1" coveredmethods="1"/>
        <file name="helpers.js" path="/home/letladi/Sandbox/head-start/e2e/helpers.js">
          <metrics statements="4" coveredstatements="4" conditionals="7" coveredconditionals="6" methods="1" coveredmethods="1"/>
          <line num="4" count="1" type="stmt"/>
          <line num="10" count="1" type="cond" truecount="0" falsecount="1"/>
          <line num="11" count="1" type="stmt"/>
          <line num="13" count="1" type="stmt"/>
        </file>
      </package>
      <package name="source.js.components">
        <metrics statements="13" coveredstatements="12" conditionals="6" coveredconditionals="6" methods="8" coveredmethods="6"/>
        <file name="SessionNotice.jsx" path="/home/letladi/Sandbox/head-start/source/js/components/SessionNotice.jsx">
          <metrics statements="4" coveredstatements="3" conditionals="2" coveredconditionals="2" methods="2" coveredmethods="1"/>
          <line num="7" count="0" type="stmt"/>
          <line num="17" count="4" type="stmt"/>
          <line num="18" count="4" type="cond" truecount="2" falsecount="0"/>
          <line num="20" count="2" type="stmt"/>
        </file>
        <file name="User.jsx" path="/home/letladi/Sandbox/head-start/source/js/components/User.jsx">
          <metrics statements="9" coveredstatements="9" conditionals="4" coveredconditionals="4" methods="6" coveredmethods="5"/>
          <line num="5" count="1" type="stmt"/>
          <line num="6" count="10" type="stmt"/>
          <line num="13" count="2" type="stmt"/>
          <line num="22" count="2" type="stmt"/>
          <line num="34" count="1" type="stmt"/>
          <line num="41" count="10" type="stmt"/>
          <line num="43" count="1" type="stmt"/>
          <line num="52" count="14" type="stmt"/>
          <line num="54" count="14" type="cond" truecount="2" falsecount="0"/>
        </file>
      </package>
      <package name="source.js.state.actions">
        <metrics statements="12" coveredstatements="12" conditionals="0" coveredconditionals="0" methods="3" coveredmethods="2"/>
        <file name="user.js" path="/home/letladi/Sandbox/head-start/source/js/state/actions/user.js">
          <metrics statements="12" coveredstatements="12" conditionals="0" coveredconditionals="0" methods="3" coveredmethods="2"/>
          <line num="1" count="1" type="stmt"/>
          <line num="2" count="1" type="stmt"/>
          <line num="3" count="1" type="stmt"/>
          <line num="5" count="1" type="stmt"/>
          <line num="6" count="1" type="stmt"/>
          <line num="7" count="1" type="stmt"/>
          <line num="9" count="1" type="stmt"/>
          <line num="10" count="1" type="stmt"/>
          <line num="11" count="1" type="stmt"/>
          <line num="13" count="1" type="stmt"/>
          <line num="18" count="1" type="stmt"/>
          <line num="22" count="1" type="stmt"/>
        </file>
      </package>
      <package name="source.js.util">
        <metrics statements="1" coveredstatements="1" conditionals="0" coveredconditionals="0" methods="1" coveredmethods="1"/>
        <file name="index.js" path="/home/letladi/Sandbox/head-start/source/js/util/index.js">
          <metrics statements="1" coveredstatements="1" conditionals="0" coveredconditionals="0" methods="1" coveredmethods="1"/>
          <line num="1" count="15" type="stmt"/>
        </file>
      </package>
    </metrics>
  </project>
</coverage>
