{"/home/letladi/Sandbox/head-start/e2e/helpers.js": {"path":"/home/letladi/Sandbox/head-start/e2e/helpers.js","statementMap":{"0":{"start":{"line":4,"column":17},"end":{"line":8,"column":2}},"1":{"start":{"line":10,"column":21},"end":{"line":14,"column":1}},"2":{"start":{"line":11,"column":19},"end":{"line":11,"column":46}},"3":{"start":{"line":13,"column":2},"end":{"line":13,"column":35}}},"fnMap":{"0":{"name":"(anonymous_0)","decl":{"start":{"line":10,"column":21},"end":{"line":10,"column":22}},"loc":{"start":{"line":10,"column":36},"end":{"line":14,"column":1}},"line":10}},"branchMap":{"0":{"loc":{"start":{"line":5,"column":12},"end":{"line":5,"column":42}},"type":"binary-expr","locations":[{"start":{"line":5,"column":12},"end":{"line":5,"column":32}},{"start":{"line":5,"column":36},"end":{"line":5,"column":42}}],"line":5},"1":{"loc":{"start":{"line":6,"column":12},"end":{"line":6,"column":43}},"type":"binary-expr","locations":[{"start":{"line":6,"column":12},"end":{"line":6,"column":28}},{"start":{"line":6,"column":32},"end":{"line":6,"column":43}}],"line":6},"2":{"loc":{"start":{"line":7,"column":8},"end":{"line":7,"column":32}},"type":"binary-expr","locations":[{"start":{"line":7,"column":8},"end":{"line":7,"column":24}},{"start":{"line":7,"column":28},"end":{"line":7,"column":32}}],"line":7},"3":{"loc":{"start":{"line":10,"column":22},"end":{"line":10,"column":31}},"type":"default-arg","locations":[{"start":{"line":10,"column":29},"end":{"line":10,"column":31}}],"line":10}},"s":{"0":1,"1":1,"2":1,"3":1},"f":{"0":1},"b":{"0":[1,1],"1":[1,1],"2":[1,1],"3":[0]},"_coverageSchema":"332fd63041d2c1bcb487cc26dd0d5f7d97098a6c","hash":"771548933744920dd803e3a1a354aadb807f09e0"}
,"/home/letladi/Sandbox/head-start/source/js/components/SessionNotice.jsx": {"path":"/home/letladi/Sandbox/head-start/source/js/components/SessionNotice.jsx","statementMap":{"0":{"start":{"line":17,"column":33},"end":{"line":17,"column":43}},"1":{"start":{"line":18,"column":4},"end":{"line":18,"column":50}},"2":{"start":{"line":18,"column":39},"end":{"line":18,"column":50}},"3":{"start":{"line":20,"column":4},"end":{"line":24,"column":5}},"4":{"start":{"line":7,"column":19},"end":{"line":9,"column":1}}},"fnMap":{"0":{"name":"(anonymous_0)","decl":{"start":{"line":16,"column":2},"end":{"line":16,"column":3}},"loc":{"start":{"line":16,"column":11},"end":{"line":25,"column":3}},"line":16},"1":{"name":"(anonymous_1)","decl":{"start":{"line":7,"column":9},"end":{"line":7,"column":10}},"loc":{"start":{"line":7,"column":19},"end":{"line":9,"column":1}},"line":7}},"branchMap":{"0":{"loc":{"start":{"line":18,"column":4},"end":{"line":18,"column":50}},"type":"if","locations":[{"start":{"line":18,"column":4},"end":{"line":18,"column":50}},{"start":{"line":18,"column":4},"end":{"line":18,"column":50}}],"line":18}},"s":{"0":4,"1":4,"2":2,"3":2,"4":0},"f":{"0":4,"1":0},"b":{"0":[2,2]},"_coverageSchema":"332fd63041d2c1bcb487cc26dd0d5f7d97098a6c","hash":"5123d819fb47d3c3a7c1534be86ca9a3ead29725"}
,"/home/letladi/Sandbox/head-start/source/js/components/User.jsx": {"path":"/home/letladi/Sandbox/head-start/source/js/components/User.jsx","statementMap":{"0":{"start":{"line":5,"column":17},"end":{"line":32,"column":1}},"1":{"start":{"line":6,"column":2},"end":{"line":31,"column":9}},"2":{"start":{"line":13,"column":34},"end":{"line":13,"column":82}},"3":{"start":{"line":22,"column":34},"end":{"line":22,"column":85}},"4":{"start":{"line":34,"column":0},"end":{"line":39,"column":1}},"5":{"start":{"line":41,"column":24},"end":{"line":41,"column":77}},"6":{"start":{"line":41,"column":35},"end":{"line":41,"column":77}},"7":{"start":{"line":43,"column":21},"end":{"line":43,"column":71}},"8":{"start":{"line":43,"column":32},"end":{"line":43,"column":71}},"9":{"start":{"line":52,"column":29},"end":{"line":52,"column":39}},"10":{"start":{"line":54,"column":4},"end":{"line":54,"column":82}}},"fnMap":{"0":{"name":"(anonymous_0)","decl":{"start":{"line":5,"column":17},"end":{"line":5,"column":18}},"loc":{"start":{"line":6,"column":2},"end":{"line":31,"column":9}},"line":6},"1":{"name":"(anonymous_1)","decl":{"start":{"line":13,"column":18},"end":{"line":13,"column":19}},"loc":{"start":{"line":13,"column":34},"end":{"line":13,"column":82}},"line":13},"2":{"name":"(anonymous_2)","decl":{"start":{"line":22,"column":18},"end":{"line":22,"column":19}},"loc":{"start":{"line":22,"column":34},"end":{"line":22,"column":85}},"line":22},"3":{"name":"(anonymous_3)","decl":{"start":{"line":41,"column":24},"end":{"line":41,"column":25}},"loc":{"start":{"line":41,"column":35},"end":{"line":41,"column":77}},"line":41},"4":{"name":"(anonymous_4)","decl":{"start":{"line":43,"column":21},"end":{"line":43,"column":22}},"loc":{"start":{"line":43,"column":32},"end":{"line":43,"column":71}},"line":43},"5":{"name":"(anonymous_5)","decl":{"start":{"line":51,"column":2},"end":{"line":51,"column":3}},"loc":{"start":{"line":51,"column":11},"end":{"line":55,"column":3}},"line":51}},"branchMap":{"0":{"loc":{"start":{"line":26,"column":7},"end":{"line":26,"column":52}},"type":"binary-expr","locations":[{"start":{"line":26,"column":7},"end":{"line":26,"column":14}},{"start":{"line":26,"column":18},"end":{"line":26,"column":52}}],"line":26},"1":{"loc":{"start":{"line":54,"column":11},"end":{"line":54,"column":82}},"type":"cond-expr","locations":[{"start":{"line":54,"column":26},"end":{"line":54,"column":51}},{"start":{"line":54,"column":54},"end":{"line":54,"column":82}}],"line":54}},"s":{"0":1,"1":10,"2":2,"3":2,"4":1,"5":1,"6":10,"7":1,"8":0,"9":14,"10":14},"f":{"0":10,"1":2,"2":2,"3":10,"4":0,"5":14},"b":{"0":[10,1],"1":[2,12]},"_coverageSchema":"332fd63041d2c1bcb487cc26dd0d5f7d97098a6c","hash":"75b5d916f66d6ee456de4f0cb2431f3dfe6fe689"}
,"/home/letladi/Sandbox/head-start/source/js/state/actions/user.js": {"path":"/home/letladi/Sandbox/head-start/source/js/state/actions/user.js","statementMap":{"0":{"start":{"line":1,"column":26},"end":{"line":1,"column":38}},"1":{"start":{"line":2,"column":34},"end":{"line":2,"column":54}},"2":{"start":{"line":3,"column":32},"end":{"line":3,"column":50}},"3":{"start":{"line":5,"column":35},"end":{"line":5,"column":56}},"4":{"start":{"line":6,"column":43},"end":{"line":6,"column":71}},"5":{"start":{"line":7,"column":41},"end":{"line":7,"column":68}},"6":{"start":{"line":9,"column":27},"end":{"line":9,"column":40}},"7":{"start":{"line":10,"column":35},"end":{"line":10,"column":56}},"8":{"start":{"line":11,"column":33},"end":{"line":11,"column":52}},"9":{"start":{"line":13,"column":25},"end":{"line":16,"column":2}},"10":{"start":{"line":13,"column":36},"end":{"line":16,"column":1}},"11":{"start":{"line":18,"column":33},"end":{"line":20,"column":2}},"12":{"start":{"line":18,"column":40},"end":{"line":20,"column":1}},"13":{"start":{"line":22,"column":26},"end":{"line":24,"column":2}},"14":{"start":{"line":22,"column":33},"end":{"line":24,"column":1}}},"fnMap":{"0":{"name":"(anonymous_0)","decl":{"start":{"line":13,"column":25},"end":{"line":13,"column":26}},"loc":{"start":{"line":13,"column":36},"end":{"line":16,"column":1}},"line":13},"1":{"name":"(anonymous_1)","decl":{"start":{"line":18,"column":33},"end":{"line":18,"column":34}},"loc":{"start":{"line":18,"column":40},"end":{"line":20,"column":1}},"line":18},"2":{"name":"(anonymous_2)","decl":{"start":{"line":22,"column":26},"end":{"line":22,"column":27}},"loc":{"start":{"line":22,"column":33},"end":{"line":24,"column":1}},"line":22}},"branchMap":{},"s":{"0":1,"1":1,"2":1,"3":1,"4":1,"5":1,"6":1,"7":1,"8":1,"9":1,"10":1,"11":1,"12":1,"13":1,"14":0},"f":{"0":1,"1":1,"2":0},"b":{},"_coverageSchema":"332fd63041d2c1bcb487cc26dd0d5f7d97098a6c","hash":"4ea17ff499fe87f78432420da92ec9fb1fa70012"}
,"/home/letladi/Sandbox/head-start/source/js/util/index.js": {"path":"/home/letladi/Sandbox/head-start/source/js/util/index.js","statementMap":{"0":{"start":{"line":1,"column":21},"end":{"line":1,"column":42}},"1":{"start":{"line":1,"column":29},"end":{"line":1,"column":41}}},"fnMap":{"0":{"name":"(anonymous_0)","decl":{"start":{"line":1,"column":21},"end":{"line":1,"column":22}},"loc":{"start":{"line":1,"column":29},"end":{"line":1,"column":41}},"line":1}},"branchMap":{},"s":{"0":2,"1":15},"f":{"0":15},"b":{},"_coverageSchema":"332fd63041d2c1bcb487cc26dd0d5f7d97098a6c","hash":"4ac9ac7a481d567d5416b50fa113853f79cfefa5"}
}
