TN:
SF:/home/letladi/Sandbox/head-start/e2e/helpers.js
FN:10,(anonymous_0)
FNF:1
FNH:1
FNDA:1,(anonymous_0)
DA:4,1
DA:10,1
DA:11,1
DA:13,1
LF:4
LH:4
BRDA:5,0,0,1
BRDA:5,0,1,1
BRDA:6,1,0,1
BRDA:6,1,1,1
BRDA:7,2,0,1
BRDA:7,2,1,1
BRDA:10,3,0,0
BRF:7
BRH:6
end_of_record
TN:
SF:/home/letladi/Sandbox/head-start/source/js/components/SessionNotice.jsx
FN:16,(anonymous_0)
FN:7,(anonymous_1)
FNF:2
FNH:1
FNDA:4,(anonymous_0)
FNDA:0,(anonymous_1)
DA:7,0
DA:17,4
DA:18,4
DA:20,2
LF:4
LH:3
BRDA:18,0,0,2
BRDA:18,0,1,2
BRF:2
BRH:2
end_of_record
TN:
SF:/home/letladi/Sandbox/head-start/source/js/components/User.jsx
FN:5,(anonymous_0)
FN:13,(anonymous_1)
FN:22,(anonymous_2)
FN:41,(anonymous_3)
FN:43,(anonymous_4)
FN:51,(anonymous_5)
FNF:6
FNH:5
FNDA:10,(anonymous_0)
FNDA:2,(anonymous_1)
FNDA:2,(anonymous_2)
FNDA:10,(anonymous_3)
FNDA:0,(anonymous_4)
FNDA:14,(anonymous_5)
DA:5,1
DA:6,10
DA:13,2
DA:22,2
DA:34,1
DA:41,10
DA:43,1
DA:52,14
DA:54,14
LF:9
LH:9
BRDA:26,0,0,10
BRDA:26,0,1,1
BRDA:54,1,0,2
BRDA:54,1,1,12
BRF:4
BRH:4
end_of_record
TN:
SF:/home/letladi/Sandbox/head-start/source/js/state/actions/user.js
FN:13,(anonymous_0)
FN:18,(anonymous_1)
FN:22,(anonymous_2)
FNF:3
FNH:2
FNDA:1,(anonymous_0)
FNDA:1,(anonymous_1)
FNDA:0,(anonymous_2)
DA:1,1
DA:2,1
DA:3,1
DA:5,1
DA:6,1
DA:7,1
DA:9,1
DA:10,1
DA:11,1
DA:13,1
DA:18,1
DA:22,1
LF:12
LH:12
BRF:0
BRH:0
end_of_record
TN:
SF:/home/letladi/Sandbox/head-start/source/js/util/index.js
FN:1,(anonymous_0)
FNF:1
FNH:1
FNDA:15,(anonymous_0)
DA:1,15
LF:1
LH:1
BRF:0
BRH:0
end_of_record
